{
  "stats": {
    "suites": 1,
    "tests": 2,
    "passes": 1,
    "pending": 0,
    "failures": 1,
    "start": "2021-06-08T06:15:41.478Z",
    "end": "2021-06-08T06:15:49.190Z",
    "duration": 7712,
    "testsRegistered": 2,
    "passPercent": 50,
    "pendingPercent": 0,
    "other": 0,
    "hasOther": false,
    "skipped": 0,
    "hasSkipped": false
  },
  "results": [
    {
      "uuid": "8c13089c-c5f6-443f-9dbc-6aca8667dca4",
      "title": "",
      "fullFile": "cypress/integration/数据脱敏/testdemo.js",
      "file": "cypress/integration/数据脱敏/testdemo.js",
      "beforeHooks": [],
      "afterHooks": [],
      "tests": [],
      "suites": [
        {
          "uuid": "c709f639-9d11-49b4-a0b0-39312e295ada",
          "title": "测试",
          "fullFile": "",
          "file": "",
          "beforeHooks": [],
          "afterHooks": [],
          "tests": [
            {
              "title": "登录成功",
              "fullTitle": "测试 登录成功",
              "timedOut": null,
              "duration": 2359,
              "state": "passed",
              "speed": "slow",
              "pass": true,
              "fail": false,
              "pending": false,
              "context": null,
              "code": "loginPage.getUsername.type(user.username);\nloginPage.getPassword.type(user.password);\nloginPage.getBtn.click();\ncy.get('.login-error').should('not.exist');",
              "err": {},
              "uuid": "2638f80d-c52a-4db1-9e17-b56d85d8c6f9",
              "parentUUID": "c709f639-9d11-49b4-a0b0-39312e295ada",
              "isHook": false,
              "skipped": false
            },
            {
              "title": "登录失败",
              "fullTitle": "测试 登录失败",
              "timedOut": null,
              "duration": 5272,
              "state": "failed",
              "speed": null,
              "pass": false,
              "fail": true,
              "pending": false,
              "context": null,
              "code": "loginPage.getUsername.type(user.username);\nloginPage.getPassword.type(user.password);\nloginPage.getBtn.click();\ncy.get('.login-error').should('not.exist');",
              "err": {
                "message": "AssertionError: Timed out retrying after 4000ms: Expected <div.login-error.ng-binding> not to exist in the DOM, but it was continuously found.",
                "estack": "AssertionError: Timed out retrying after 4000ms: Expected <div.login-error.ng-binding> not to exist in the DOM, but it was continuously found.\n    at Context.eval (https://192.168.202.161:8443/__cypress/tests?p=cypress\\integration\\数据脱敏\\testdemo.js:213:30)",
                "diff": null
              },
              "uuid": "13f50adb-fe32-4dd2-bcd6-5c7fc4d81b4e",
              "parentUUID": "c709f639-9d11-49b4-a0b0-39312e295ada",
              "isHook": false,
              "skipped": false
            }
          ],
          "suites": [],
          "passes": [
            "2638f80d-c52a-4db1-9e17-b56d85d8c6f9"
          ],
          "failures": [
            "13f50adb-fe32-4dd2-bcd6-5c7fc4d81b4e"
          ],
          "pending": [],
          "skipped": [],
          "duration": 7631,
          "root": false,
          "rootEmpty": false,
          "_timeout": 2000
        }
      ],
      "passes": [],
      "failures": [],
      "pending": [],
      "skipped": [],
      "duration": 0,
      "root": true,
      "rootEmpty": true,
      "_timeout": 2000
    }
  ],
  "meta": {
    "mocha": {
      "version": "7.0.1"
    },
    "mochawesome": {
      "options": {
        "quiet": false,
        "reportFilename": "mochawesome",
        "saveHtml": true,
        "saveJson": true,
        "consoleReporter": "spec",
        "useInlineDiffs": false,
        "code": true
      },
      "version": "6.2.2"
    },
    "marge": {
      "options": {},
      "version": "5.2.0"
    }
  }
}